[2024-06-06 21:37:36,145][agents.models.mamba.mamba_cross][INFO] - number of parameters: 2.084488e+06
[2024-06-06 21:37:36,174][root][INFO] - Loading Real Robot Dataset
[2024-06-06 21:37:36,884][agents.utils.scaler][INFO] - Datset Info: action min: [-1.73687542 -2.44349092 -2.38153506 -2.91742082 -9.14021515 -2.67824089
 -1.95283201 -1.23045349] and max: [3.10519479 2.3659718  1.3760266  2.89907722 5.70799555 1.61156906
 1.97996073 0.81266176]
[2024-06-06 21:37:36,884][agents.utils.scaler][INFO] - Training dataset size: target (19253, 8)
[2024-06-06 21:37:36,885][agents.base_agent][INFO] - The model has a total amount of 24486984 parameters
[2024-06-06 21:37:37,056][agents.oc_ddpm_agent][INFO] - Loaded pre-trained model parameters
[2024-06-06 21:37:43,891][simulation.real_robot][INFO] - Starting trained model evaluation on real robot
[2024-06-06 21:38:21,905][simulation.real_robot][INFO] - Evaluation done. Resetting robots
[2024-06-06 21:38:22,355][polymetis.robot_interface][WARNING] - The specified 'time_to_go' might not be large enough to ensure accurate movement.
[2024-06-06 21:39:14,179][simulation.real_robot][INFO] - Evaluation done. Resetting robots
[2024-06-06 21:39:14,659][polymetis.robot_interface][WARNING] - The specified 'time_to_go' might not be large enough to ensure accurate movement.
[2024-06-06 21:39:30,217][simulation.real_robot][INFO] - Evaluation done. Resetting robots
[2024-06-06 21:40:08,439][simulation.real_robot][INFO] - Evaluation done. Resetting robots
[2024-06-06 21:40:08,853][polymetis.robot_interface][WARNING] - The specified 'time_to_go' might not be large enough to ensure accurate movement.
[2024-06-06 21:41:09,522][simulation.real_robot][INFO] - Evaluation done. Resetting robots
[2024-06-06 21:41:09,939][polymetis.robot_interface][WARNING] - The specified 'time_to_go' might not be large enough to ensure accurate movement.
[2024-06-06 21:42:15,938][simulation.real_robot][INFO] - Quitting evaluation
[2024-06-06 21:42:22,600][__main__][INFO] - done
