[2024-06-06 15:26:44,016][agents.models.mamba.mamba_cross][INFO] - number of parameters: 2.084488e+06
[2024-06-06 15:26:44,053][root][INFO] - Loading Real Robot Dataset
[2024-06-06 15:26:45,258][agents.utils.scaler][INFO] - Datset Info: action min: [-4.46586508 -2.32646595 -5.45890439 -3.09741634 -1.08773755 -1.87666885
 -1.84110276 -0.90522749] and max: [4.30162961 2.02786345 4.13409715 7.38962699 1.42014704 2.18918825
 1.40930849 1.10480589]
[2024-06-06 15:26:45,258][agents.utils.scaler][INFO] - Training dataset size: target (24967, 8)
[2024-06-06 15:26:45,259][agents.base_agent][INFO] - The model has a total amount of 24486984 parameters
[2024-06-06 15:26:45,344][agents.oc_ddpm_agent][INFO] - Loaded pre-trained model parameters
[2024-06-06 15:26:52,148][simulation.real_robot][INFO] - Starting trained model evaluation on real robot
[2024-06-06 15:27:38,018][simulation.real_robot][INFO] - Evaluation done. Resetting robots
[2024-06-06 15:27:38,581][polymetis.robot_interface][WARNING] - The specified 'time_to_go' might not be large enough to ensure accurate movement.
[2024-06-06 15:28:22,160][simulation.real_robot][INFO] - Evaluation done. Resetting robots
[2024-06-06 15:28:22,821][polymetis.robot_interface][WARNING] - The specified 'time_to_go' might not be large enough to ensure accurate movement.
[2024-06-06 15:29:28,857][simulation.real_robot][INFO] - Evaluation done. Resetting robots
[2024-06-06 15:29:29,369][polymetis.robot_interface][WARNING] - The specified 'time_to_go' might not be large enough to ensure accurate movement.
[2024-06-06 15:30:39,883][simulation.real_robot][INFO] - Evaluation done. Resetting robots
[2024-06-06 15:30:40,293][polymetis.robot_interface][WARNING] - The specified 'time_to_go' might not be large enough to ensure accurate movement.
[2024-06-06 15:33:34,761][simulation.real_robot][INFO] - Evaluation done. Resetting robots
[2024-06-06 15:33:35,206][polymetis.robot_interface][WARNING] - The specified 'time_to_go' might not be large enough to ensure accurate movement.
[2024-06-06 15:42:20,527][simulation.real_robot][INFO] - Evaluation done. Resetting robots
[2024-06-06 15:42:21,030][polymetis.robot_interface][WARNING] - The specified 'time_to_go' might not be large enough to ensure accurate movement.
[2024-06-06 15:42:29,065][simulation.real_robot][INFO] - Quitting evaluation
[2024-06-06 15:42:35,695][__main__][INFO] - done
