[2024-06-05 12:37:01,120][agents.models.mamba.mamba_cross][INFO] - number of parameters: 2.432648e+06
[2024-06-05 12:37:01,151][root][INFO] - Loading Real Robot Dataset
[2024-06-05 12:37:02,411][agents.utils.scaler][INFO] - Datset Info: action min: [-4.46586508 -2.32646595 -5.45890439 -3.09741634 -1.08773755 -1.87666885
 -1.84110276 -0.90522749] and max: [4.30162961 2.02786345 4.13409715 7.38962699 1.42014704 2.18918825
 1.40930849 1.10480589]
[2024-06-05 12:37:02,412][agents.utils.scaler][INFO] - Training dataset size: target (24967, 8)
[2024-06-05 12:37:02,412][agents.base_agent][INFO] - The model has a total amount of 24835144 parameters
[2024-06-05 12:37:02,503][agents.oc_ddpm_agent][INFO] - Loaded pre-trained model parameters
[2024-06-05 12:37:09,247][simulation.real_robot][INFO] - Starting trained model evaluation on real robot
[2024-06-05 12:37:30,430][simulation.real_robot][INFO] - Evaluation done. Resetting robots
[2024-06-05 12:37:30,942][polymetis.robot_interface][WARNING] - The specified 'time_to_go' might not be large enough to ensure accurate movement.
[2024-06-05 12:39:15,635][simulation.real_robot][INFO] - Evaluation done. Resetting robots
[2024-06-05 12:39:16,063][polymetis.robot_interface][WARNING] - The specified 'time_to_go' might not be large enough to ensure accurate movement.
[2024-06-05 12:39:53,999][simulation.real_robot][INFO] - Evaluation done. Resetting robots
[2024-06-05 12:39:54,605][polymetis.robot_interface][WARNING] - The specified 'time_to_go' might not be large enough to ensure accurate movement.
[2024-06-05 12:41:09,759][simulation.real_robot][INFO] - Evaluation done. Resetting robots
[2024-06-05 12:41:10,238][polymetis.robot_interface][WARNING] - The specified 'time_to_go' might not be large enough to ensure accurate movement.
[2024-06-05 12:43:06,013][simulation.real_robot][INFO] - Evaluation done. Resetting robots
[2024-06-05 12:43:06,478][polymetis.robot_interface][WARNING] - The specified 'time_to_go' might not be large enough to ensure accurate movement.
[2024-06-05 12:44:51,162][simulation.real_robot][INFO] - Evaluation done. Resetting robots
[2024-06-05 12:44:51,662][polymetis.robot_interface][WARNING] - The specified 'time_to_go' might not be large enough to ensure accurate movement.
[2024-06-05 12:47:21,603][simulation.real_robot][INFO] - Evaluation done. Resetting robots
[2024-06-05 12:47:22,158][polymetis.robot_interface][WARNING] - The specified 'time_to_go' might not be large enough to ensure accurate movement.
[2024-06-05 12:49:46,739][simulation.real_robot][INFO] - Evaluation done. Resetting robots
[2024-06-05 12:49:47,295][polymetis.robot_interface][WARNING] - The specified 'time_to_go' might not be large enough to ensure accurate movement.
[2024-06-05 12:52:22,333][simulation.real_robot][INFO] - Evaluation done. Resetting robots
[2024-06-05 12:52:22,847][polymetis.robot_interface][WARNING] - The specified 'time_to_go' might not be large enough to ensure accurate movement.
