[2024-06-04 20:31:50,709][agents.models.mamba.mamba_cross][INFO] - number of parameters: 1.962632e+06
[2024-06-04 20:31:50,738][root][INFO] - Loading Real Robot Dataset
[2024-06-04 20:31:52,036][agents.utils.scaler][INFO] - Datset Info: action min: [-4.46586508 -2.32646595 -5.45890439 -3.09741634 -1.08773755 -1.87666885
 -1.84110276 -0.90522749] and max: [4.30162961 2.02786345 4.13409715 7.38962699 1.42014704 2.18918825
 1.40930849 1.10480589]
[2024-06-04 20:31:52,036][agents.utils.scaler][INFO] - Training dataset size: target (24967, 8)
[2024-06-04 20:31:52,037][agents.base_agent][INFO] - The model has a total amount of 24365128 parameters
[2024-06-04 20:31:52,136][agents.oc_ddpm_agent][INFO] - Loaded pre-trained model parameters
[2024-06-04 20:31:59,161][simulation.real_robot][INFO] - Starting trained model evaluation on real robot
[2024-06-04 20:32:56,881][simulation.real_robot][INFO] - Evaluation done. Resetting robots
[2024-06-04 20:32:57,414][polymetis.robot_interface][WARNING] - The specified 'time_to_go' might not be large enough to ensure accurate movement.
[2024-06-04 20:33:56,314][simulation.real_robot][INFO] - Evaluation done. Resetting robots
[2024-06-04 20:33:56,916][polymetis.robot_interface][WARNING] - The specified 'time_to_go' might not be large enough to ensure accurate movement.
[2024-06-04 20:34:53,349][simulation.real_robot][INFO] - Evaluation done. Resetting robots
[2024-06-04 20:34:53,955][polymetis.robot_interface][WARNING] - The specified 'time_to_go' might not be large enough to ensure accurate movement.
[2024-06-04 20:35:22,924][simulation.real_robot][INFO] - Evaluation done. Resetting robots
[2024-06-04 20:35:23,444][polymetis.robot_interface][WARNING] - The specified 'time_to_go' might not be large enough to ensure accurate movement.
[2024-06-04 20:35:48,636][simulation.real_robot][INFO] - Evaluation done. Resetting robots
[2024-06-04 20:35:49,236][polymetis.robot_interface][WARNING] - The specified 'time_to_go' might not be large enough to ensure accurate movement.
[2024-06-04 20:36:58,923][simulation.real_robot][INFO] - Evaluation done. Resetting robots
[2024-06-04 20:36:59,492][polymetis.robot_interface][WARNING] - The specified 'time_to_go' might not be large enough to ensure accurate movement.
[2024-06-04 20:37:51,255][simulation.real_robot][INFO] - Evaluation done. Resetting robots
[2024-06-04 20:37:51,860][polymetis.robot_interface][WARNING] - The specified 'time_to_go' might not be large enough to ensure accurate movement.
[2024-06-04 20:39:36,602][simulation.real_robot][INFO] - Evaluation done. Resetting robots
[2024-06-04 20:39:37,223][polymetis.robot_interface][WARNING] - The specified 'time_to_go' might not be large enough to ensure accurate movement.
[2024-06-04 20:40:57,762][simulation.real_robot][INFO] - Evaluation done. Resetting robots
[2024-06-04 20:40:58,291][polymetis.robot_interface][WARNING] - The specified 'time_to_go' might not be large enough to ensure accurate movement.
[2024-06-04 20:43:03,882][simulation.real_robot][INFO] - Evaluation done. Resetting robots
[2024-06-04 20:43:04,436][polymetis.robot_interface][WARNING] - The specified 'time_to_go' might not be large enough to ensure accurate movement.
[2024-06-04 20:50:24,824][simulation.real_robot][INFO] - Quitting evaluation
[2024-06-04 20:50:31,439][__main__][INFO] - done
