[2024-06-05 12:24:15,742][agents.models.oc_ddpm.oc_ddpm][INFO] - number of parameters: 2.379272e+06
[2024-06-05 12:24:15,800][root][INFO] - Loading Real Robot Dataset
[2024-06-05 12:24:17,135][agents.utils.scaler][INFO] - Datset Info: action min: [-4.46586508 -2.32646595 -5.45890439 -3.09741634 -1.08773755 -1.87666885
 -1.84110276 -0.90522749] and max: [4.30162961 2.02786345 4.13409715 7.38962699 1.42014704 2.18918825
 1.40930849 1.10480589]
[2024-06-05 12:24:17,135][agents.utils.scaler][INFO] - Training dataset size: target (24967, 8)
[2024-06-05 12:24:17,136][agents.base_agent][INFO] - The model has a total amount of 24781768 parameters
[2024-06-05 12:24:17,221][agents.oc_ddpm_agent][INFO] - Loaded pre-trained model parameters
[2024-06-05 12:24:23,992][simulation.real_robot][INFO] - Starting trained model evaluation on real robot
[2024-06-05 12:25:45,568][simulation.real_robot][INFO] - Evaluation done. Resetting robots
[2024-06-05 12:25:46,125][polymetis.robot_interface][WARNING] - The specified 'time_to_go' might not be large enough to ensure accurate movement.
[2024-06-05 12:27:38,191][simulation.real_robot][INFO] - Evaluation done. Resetting robots
[2024-06-05 12:28:14,616][simulation.real_robot][INFO] - Evaluation done. Resetting robots
[2024-06-05 12:28:15,164][polymetis.robot_interface][WARNING] - The specified 'time_to_go' might not be large enough to ensure accurate movement.
[2024-06-05 12:30:22,896][simulation.real_robot][INFO] - Evaluation done. Resetting robots
[2024-06-05 12:30:23,472][polymetis.robot_interface][WARNING] - The specified 'time_to_go' might not be large enough to ensure accurate movement.
[2024-06-05 12:31:47,135][simulation.real_robot][INFO] - Evaluation done. Resetting robots
[2024-06-05 12:31:47,565][polymetis.robot_interface][WARNING] - The specified 'time_to_go' might not be large enough to ensure accurate movement.
[2024-06-05 12:32:24,053][simulation.real_robot][INFO] - Evaluation done. Resetting robots
[2024-06-05 12:32:35,598][simulation.real_robot][INFO] - Quitting evaluation
[2024-06-05 12:32:42,226][__main__][INFO] - done
