[2024-06-05 15:10:57,350][agents.models.mamba.mamba_cross][INFO] - number of parameters: 2.432648e+06
[2024-06-05 15:10:57,404][root][INFO] - Loading Real Robot Dataset
[2024-06-05 15:10:58,151][agents.utils.scaler][INFO] - Datset Info: action min: [-1.73687542 -2.44349092 -2.38153506 -2.91742082 -9.14021515 -2.67824089
 -1.95283201 -1.23045349] and max: [3.10519479 2.3659718  1.3760266  2.89907722 5.70799555 1.61156906
 1.97996073 0.81266176]
[2024-06-05 15:10:58,151][agents.utils.scaler][INFO] - Training dataset size: target (19253, 8)
[2024-06-05 15:10:58,152][agents.base_agent][INFO] - The model has a total amount of 24835144 parameters
[2024-06-05 15:10:58,253][agents.oc_ddpm_agent][INFO] - Loaded pre-trained model parameters
[2024-06-05 15:11:05,043][simulation.real_robot][INFO] - Starting trained model evaluation on real robot
[2024-06-05 15:12:01,937][simulation.real_robot][INFO] - Evaluation done. Resetting robots
[2024-06-05 15:12:02,484][polymetis.robot_interface][WARNING] - The specified 'time_to_go' might not be large enough to ensure accurate movement.
[2024-06-05 15:13:00,599][simulation.real_robot][INFO] - Evaluation done. Resetting robots
[2024-06-05 15:13:01,125][polymetis.robot_interface][WARNING] - The specified 'time_to_go' might not be large enough to ensure accurate movement.
[2024-06-05 15:14:14,899][simulation.real_robot][INFO] - Evaluation done. Resetting robots
[2024-06-05 15:14:15,415][polymetis.robot_interface][WARNING] - The specified 'time_to_go' might not be large enough to ensure accurate movement.
[2024-06-05 15:15:31,728][simulation.real_robot][INFO] - Evaluation done. Resetting robots
[2024-06-05 15:15:32,247][polymetis.robot_interface][WARNING] - The specified 'time_to_go' might not be large enough to ensure accurate movement.
[2024-06-05 15:16:44,165][simulation.real_robot][INFO] - Evaluation done. Resetting robots
[2024-06-05 15:16:44,708][polymetis.robot_interface][WARNING] - The specified 'time_to_go' might not be large enough to ensure accurate movement.
[2024-06-05 15:17:50,448][simulation.real_robot][INFO] - Evaluation done. Resetting robots
[2024-06-05 15:17:50,981][polymetis.robot_interface][WARNING] - The specified 'time_to_go' might not be large enough to ensure accurate movement.
[2024-06-05 15:19:32,922][simulation.real_robot][INFO] - Evaluation done. Resetting robots
[2024-06-05 15:19:33,413][polymetis.robot_interface][WARNING] - The specified 'time_to_go' might not be large enough to ensure accurate movement.
[2024-06-05 15:20:34,473][simulation.real_robot][INFO] - Evaluation done. Resetting robots
[2024-06-05 15:20:34,868][polymetis.robot_interface][WARNING] - The specified 'time_to_go' might not be large enough to ensure accurate movement.
[2024-06-05 15:21:49,429][simulation.real_robot][INFO] - Evaluation done. Resetting robots
[2024-06-05 15:21:49,861][polymetis.robot_interface][WARNING] - The specified 'time_to_go' might not be large enough to ensure accurate movement.
[2024-06-05 15:22:50,868][simulation.real_robot][INFO] - Evaluation done. Resetting robots
[2024-06-05 15:22:51,349][polymetis.robot_interface][WARNING] - The specified 'time_to_go' might not be large enough to ensure accurate movement.
[2024-06-05 15:23:55,305][simulation.real_robot][INFO] - Quitting evaluation
[2024-06-05 15:24:01,949][__main__][INFO] - done
