[2024-06-05 15:29:08,678][agents.models.mamba.mamba_cross][INFO] - number of parameters: 2.432648e+06
[2024-06-05 15:29:08,708][root][INFO] - Loading Real Robot Dataset
[2024-06-05 15:29:09,421][agents.utils.scaler][INFO] - Datset Info: action min: [-1.73687542 -2.44349092 -2.38153506 -2.91742082 -9.14021515 -2.67824089
 -1.95283201 -1.23045349] and max: [3.10519479 2.3659718  1.3760266  2.89907722 5.70799555 1.61156906
 1.97996073 0.81266176]
[2024-06-05 15:29:09,422][agents.utils.scaler][INFO] - Training dataset size: target (19253, 8)
[2024-06-05 15:29:09,423][agents.base_agent][INFO] - The model has a total amount of 24835144 parameters
[2024-06-05 15:29:09,665][agents.oc_ddpm_agent][INFO] - Loaded pre-trained model parameters
[2024-06-05 15:29:16,461][simulation.real_robot][INFO] - Starting trained model evaluation on real robot
[2024-06-05 15:29:32,829][simulation.real_robot][INFO] - Evaluation done. Resetting robots
[2024-06-05 15:29:33,269][polymetis.robot_interface][WARNING] - The specified 'time_to_go' might not be large enough to ensure accurate movement.
[2024-06-05 15:30:41,427][simulation.real_robot][INFO] - Evaluation done. Resetting robots
[2024-06-05 15:30:41,957][polymetis.robot_interface][WARNING] - The specified 'time_to_go' might not be large enough to ensure accurate movement.
[2024-06-05 15:31:58,992][simulation.real_robot][INFO] - Evaluation done. Resetting robots
[2024-06-05 15:31:59,541][polymetis.robot_interface][WARNING] - The specified 'time_to_go' might not be large enough to ensure accurate movement.
[2024-06-05 15:33:01,136][simulation.real_robot][INFO] - Evaluation done. Resetting robots
[2024-06-05 15:33:01,622][polymetis.robot_interface][WARNING] - The specified 'time_to_go' might not be large enough to ensure accurate movement.
[2024-06-05 15:34:34,521][simulation.real_robot][INFO] - Evaluation done. Resetting robots
[2024-06-05 15:34:34,997][polymetis.robot_interface][WARNING] - The specified 'time_to_go' might not be large enough to ensure accurate movement.
[2024-06-05 15:34:54,415][simulation.real_robot][INFO] - Evaluation done. Resetting robots
[2024-06-05 15:35:30,517][simulation.real_robot][INFO] - Evaluation done. Resetting robots
[2024-06-05 15:35:31,030][polymetis.robot_interface][WARNING] - The specified 'time_to_go' might not be large enough to ensure accurate movement.
[2024-06-05 15:36:31,074][simulation.real_robot][INFO] - Evaluation done. Resetting robots
[2024-06-05 15:37:06,467][simulation.real_robot][INFO] - Quitting evaluation
[2024-06-05 15:37:13,135][__main__][INFO] - done
