[2024-06-06 11:03:32,359][agents.models.mamba.mamba_cross][INFO] - number of parameters: 2.084488e+06
[2024-06-06 11:03:32,387][root][INFO] - Loading Real Robot Dataset
[2024-06-06 11:03:35,867][agents.utils.scaler][INFO] - Datset Info: action min: [-1.73687542 -2.44349092 -2.38153506 -2.91742082 -9.14021515 -2.67824089
 -1.95283201 -1.23045349] and max: [3.10519479 2.3659718  1.3760266  2.89907722 5.70799555 1.61156906
 1.97996073 0.81266176]
[2024-06-06 11:03:35,867][agents.utils.scaler][INFO] - Training dataset size: target (19253, 8)
[2024-06-06 11:03:35,868][agents.base_agent][INFO] - The model has a total amount of 24486984 parameters
[2024-06-06 11:03:35,959][agents.oc_ddpm_agent][INFO] - Loaded pre-trained model parameters
[2024-06-06 11:03:42,753][simulation.real_robot][INFO] - Starting trained model evaluation on real robot
[2024-06-06 11:04:30,071][simulation.real_robot][INFO] - Evaluation done. Resetting robots
[2024-06-06 11:04:30,555][polymetis.robot_interface][WARNING] - The specified 'time_to_go' might not be large enough to ensure accurate movement.
[2024-06-06 11:05:46,633][simulation.real_robot][INFO] - Evaluation done. Resetting robots
[2024-06-06 11:05:47,084][polymetis.robot_interface][WARNING] - The specified 'time_to_go' might not be large enough to ensure accurate movement.
[2024-06-06 11:06:42,981][simulation.real_robot][INFO] - Evaluation done. Resetting robots
[2024-06-06 11:06:43,371][polymetis.robot_interface][WARNING] - The specified 'time_to_go' might not be large enough to ensure accurate movement.
[2024-06-06 11:08:09,255][simulation.real_robot][INFO] - Evaluation done. Resetting robots
[2024-06-06 11:08:09,661][polymetis.robot_interface][WARNING] - The specified 'time_to_go' might not be large enough to ensure accurate movement.
[2024-06-06 11:12:04,535][simulation.real_robot][INFO] - Evaluation done. Resetting robots
[2024-06-06 11:12:04,971][polymetis.robot_interface][WARNING] - The specified 'time_to_go' might not be large enough to ensure accurate movement.
[2024-06-06 11:12:43,722][simulation.real_robot][INFO] - Evaluation done. Resetting robots
[2024-06-06 11:13:25,298][simulation.real_robot][INFO] - Evaluation done. Resetting robots
[2024-06-06 11:13:25,804][polymetis.robot_interface][WARNING] - The specified 'time_to_go' might not be large enough to ensure accurate movement.
[2024-06-06 11:14:36,696][simulation.real_robot][INFO] - Evaluation done. Resetting robots
[2024-06-06 11:14:37,114][polymetis.robot_interface][WARNING] - The specified 'time_to_go' might not be large enough to ensure accurate movement.
[2024-06-06 11:15:44,360][simulation.real_robot][INFO] - Evaluation done. Resetting robots
[2024-06-06 11:15:44,876][polymetis.robot_interface][WARNING] - The specified 'time_to_go' might not be large enough to ensure accurate movement.
[2024-06-06 11:17:12,810][simulation.real_robot][INFO] - Evaluation done. Resetting robots
[2024-06-06 11:17:13,277][polymetis.robot_interface][WARNING] - The specified 'time_to_go' might not be large enough to ensure accurate movement.
[2024-06-06 11:18:23,648][simulation.real_robot][INFO] - Evaluation done. Resetting robots
[2024-06-06 11:18:24,156][polymetis.robot_interface][WARNING] - The specified 'time_to_go' might not be large enough to ensure accurate movement.
[2024-06-06 11:19:15,345][simulation.real_robot][INFO] - Evaluation done. Resetting robots
[2024-06-06 11:19:15,819][polymetis.robot_interface][WARNING] - The specified 'time_to_go' might not be large enough to ensure accurate movement.
[2024-06-06 11:20:45,625][simulation.real_robot][INFO] - Evaluation done. Resetting robots
[2024-06-06 11:20:46,140][polymetis.robot_interface][WARNING] - The specified 'time_to_go' might not be large enough to ensure accurate movement.
[2024-06-06 11:22:22,651][simulation.real_robot][INFO] - Evaluation done. Resetting robots
[2024-06-06 11:22:23,117][polymetis.robot_interface][WARNING] - The specified 'time_to_go' might not be large enough to ensure accurate movement.
[2024-06-06 11:23:19,216][simulation.real_robot][INFO] - Evaluation done. Resetting robots
[2024-06-06 11:23:19,692][polymetis.robot_interface][WARNING] - The specified 'time_to_go' might not be large enough to ensure accurate movement.
[2024-06-06 11:26:17,636][polymetis.robot_interface][WARNING] - The specified 'time_to_go' might not be large enough to ensure accurate movement.
