[2024-06-06 15:04:47,720][agents.models.mamba.mamba_cross][INFO] - number of parameters: 2.432648e+06
[2024-06-06 15:04:47,764][root][INFO] - Loading Real Robot Dataset
[2024-06-06 15:04:49,085][agents.utils.scaler][INFO] - Datset Info: action min: [-4.46586508 -2.32646595 -5.45890439 -3.09741634 -1.08773755 -1.87666885
 -1.84110276 -0.90522749] and max: [4.30162961 2.02786345 4.13409715 7.38962699 1.42014704 2.18918825
 1.40930849 1.10480589]
[2024-06-06 15:04:49,085][agents.utils.scaler][INFO] - Training dataset size: target (24967, 8)
[2024-06-06 15:04:49,086][agents.base_agent][INFO] - The model has a total amount of 24835144 parameters
[2024-06-06 15:04:49,311][agents.oc_ddpm_agent][INFO] - Loaded pre-trained model parameters
[2024-06-06 15:04:56,096][simulation.real_robot][INFO] - Starting trained model evaluation on real robot
[2024-06-06 15:05:44,001][simulation.real_robot][INFO] - Evaluation done. Resetting robots
[2024-06-06 15:05:44,532][polymetis.robot_interface][WARNING] - The specified 'time_to_go' might not be large enough to ensure accurate movement.
[2024-06-06 15:06:02,835][simulation.real_robot][INFO] - Evaluation done. Resetting robots
[2024-06-06 15:06:31,655][simulation.real_robot][INFO] - Evaluation done. Resetting robots
[2024-06-06 15:06:32,052][polymetis.robot_interface][WARNING] - The specified 'time_to_go' might not be large enough to ensure accurate movement.
[2024-06-06 15:07:14,862][simulation.real_robot][INFO] - Evaluation done. Resetting robots
[2024-06-06 15:07:15,347][polymetis.robot_interface][WARNING] - The specified 'time_to_go' might not be large enough to ensure accurate movement.
[2024-06-06 15:07:51,551][simulation.real_robot][INFO] - Evaluation done. Resetting robots
[2024-06-06 15:07:52,085][polymetis.robot_interface][WARNING] - The specified 'time_to_go' might not be large enough to ensure accurate movement.
[2024-06-06 15:08:35,660][simulation.real_robot][INFO] - Evaluation done. Resetting robots
[2024-06-06 15:08:36,084][polymetis.robot_interface][WARNING] - The specified 'time_to_go' might not be large enough to ensure accurate movement.
[2024-06-06 15:09:21,218][simulation.real_robot][INFO] - Evaluation done. Resetting robots
[2024-06-06 15:09:21,832][polymetis.robot_interface][WARNING] - The specified 'time_to_go' might not be large enough to ensure accurate movement.
[2024-06-06 15:11:05,435][simulation.real_robot][INFO] - Evaluation done. Resetting robots
[2024-06-06 15:11:05,940][polymetis.robot_interface][WARNING] - The specified 'time_to_go' might not be large enough to ensure accurate movement.
[2024-06-06 15:11:43,494][simulation.real_robot][INFO] - Evaluation done. Resetting robots
[2024-06-06 15:11:44,019][polymetis.robot_interface][WARNING] - The specified 'time_to_go' might not be large enough to ensure accurate movement.
[2024-06-06 15:12:24,796][simulation.real_robot][INFO] - Evaluation done. Resetting robots
[2024-06-06 15:12:25,332][polymetis.robot_interface][WARNING] - The specified 'time_to_go' might not be large enough to ensure accurate movement.
[2024-06-06 15:13:35,553][simulation.real_robot][INFO] - Evaluation done. Resetting robots
[2024-06-06 15:13:36,083][polymetis.robot_interface][WARNING] - The specified 'time_to_go' might not be large enough to ensure accurate movement.
[2024-06-06 15:15:14,535][simulation.real_robot][INFO] - Evaluation done. Resetting robots
[2024-06-06 15:15:14,932][polymetis.robot_interface][WARNING] - The specified 'time_to_go' might not be large enough to ensure accurate movement.
[2024-06-06 15:23:27,566][simulation.real_robot][INFO] - Evaluation done. Resetting robots
[2024-06-06 15:25:37,333][simulation.real_robot][INFO] - Quitting evaluation
[2024-06-06 15:25:44,018][__main__][INFO] - done
