[2024-06-06 11:26:37,213][agents.models.mamba.mamba_cross][INFO] - number of parameters: 2.084488e+06
[2024-06-06 11:26:37,247][root][INFO] - Loading Real Robot Dataset
[2024-06-06 11:26:37,987][agents.utils.scaler][INFO] - Datset Info: action min: [-1.73687542 -2.44349092 -2.38153506 -2.91742082 -9.14021515 -2.67824089
 -1.95283201 -1.23045349] and max: [3.10519479 2.3659718  1.3760266  2.89907722 5.70799555 1.61156906
 1.97996073 0.81266176]
[2024-06-06 11:26:37,987][agents.utils.scaler][INFO] - Training dataset size: target (19253, 8)
[2024-06-06 11:26:37,988][agents.base_agent][INFO] - The model has a total amount of 24486984 parameters
[2024-06-06 11:26:38,081][agents.oc_ddpm_agent][INFO] - Loaded pre-trained model parameters
[2024-06-06 11:26:38,121][polymetis.robot_interface][WARNING] - The specified 'time_to_go' might not be large enough to ensure accurate movement.
[2024-06-06 11:26:44,863][simulation.real_robot][INFO] - Starting trained model evaluation on real robot
[2024-06-06 11:28:12,818][simulation.real_robot][INFO] - Evaluation done. Resetting robots
[2024-06-06 11:28:13,212][polymetis.robot_interface][WARNING] - The specified 'time_to_go' might not be large enough to ensure accurate movement.
[2024-06-06 11:29:22,567][simulation.real_robot][INFO] - Evaluation done. Resetting robots
[2024-06-06 11:29:23,084][polymetis.robot_interface][WARNING] - The specified 'time_to_go' might not be large enough to ensure accurate movement.
[2024-06-06 11:30:44,967][simulation.real_robot][INFO] - Evaluation done. Resetting robots
[2024-06-06 11:30:45,580][polymetis.robot_interface][WARNING] - The specified 'time_to_go' might not be large enough to ensure accurate movement.
[2024-06-06 11:31:56,583][simulation.real_robot][INFO] - Evaluation done. Resetting robots
[2024-06-06 11:34:01,781][simulation.real_robot][INFO] - Evaluation done. Resetting robots
[2024-06-06 11:34:02,301][polymetis.robot_interface][WARNING] - The specified 'time_to_go' might not be large enough to ensure accurate movement.
[2024-06-06 11:35:11,295][simulation.real_robot][INFO] - Evaluation done. Resetting robots
[2024-06-06 11:35:11,773][polymetis.robot_interface][WARNING] - The specified 'time_to_go' might not be large enough to ensure accurate movement.
[2024-06-06 11:36:20,285][simulation.real_robot][INFO] - Evaluation done. Resetting robots
[2024-06-06 11:36:20,750][polymetis.robot_interface][WARNING] - The specified 'time_to_go' might not be large enough to ensure accurate movement.
[2024-06-06 11:37:21,079][simulation.real_robot][INFO] - Evaluation done. Resetting robots
[2024-06-06 11:37:21,629][polymetis.robot_interface][WARNING] - The specified 'time_to_go' might not be large enough to ensure accurate movement.
[2024-06-06 11:38:26,074][simulation.real_robot][INFO] - Evaluation done. Resetting robots
[2024-06-06 11:38:26,589][polymetis.robot_interface][WARNING] - The specified 'time_to_go' might not be large enough to ensure accurate movement.
[2024-06-06 11:39:28,380][simulation.real_robot][INFO] - Evaluation done. Resetting robots
[2024-06-06 11:39:28,862][polymetis.robot_interface][WARNING] - The specified 'time_to_go' might not be large enough to ensure accurate movement.
[2024-06-06 11:40:22,882][simulation.real_robot][INFO] - Evaluation done. Resetting robots
[2024-06-06 11:40:23,373][polymetis.robot_interface][WARNING] - The specified 'time_to_go' might not be large enough to ensure accurate movement.
[2024-06-06 11:41:09,910][simulation.real_robot][INFO] - Evaluation done. Resetting robots
[2024-06-06 11:41:10,397][polymetis.robot_interface][WARNING] - The specified 'time_to_go' might not be large enough to ensure accurate movement.
[2024-06-06 11:42:15,087][simulation.real_robot][INFO] - Quitting evaluation
[2024-06-06 11:42:21,722][__main__][INFO] - done
