[2024-06-06 12:24:39,647][agents.models.mamba.mamba_cross][INFO] - number of parameters: 2.084488e+06
[2024-06-06 12:24:39,683][root][INFO] - Loading Real Robot Dataset
[2024-06-06 12:24:51,838][agents.utils.scaler][INFO] - Datset Info: action min: [-1.64915489 -1.95328444 -3.33428152 -1.77354767 -4.93569217 -2.77918146
 -3.4171868  -1.16223655] and max: [3.38425422 1.80988604 2.14606268 2.00211798 4.0506048  2.48612112
 2.56365997 0.86027413]
[2024-06-06 12:24:51,838][agents.utils.scaler][INFO] - Training dataset size: target (32679, 8)
[2024-06-06 12:24:51,840][agents.base_agent][INFO] - The model has a total amount of 24486984 parameters
[2024-06-06 12:24:51,931][agents.oc_ddpm_agent][INFO] - Loaded pre-trained model parameters
[2024-06-06 12:24:58,725][simulation.real_robot][INFO] - Starting trained model evaluation on real robot
[2024-06-06 12:25:50,909][simulation.real_robot][INFO] - Evaluation done. Resetting robots
[2024-06-06 12:25:51,499][polymetis.robot_interface][WARNING] - The specified 'time_to_go' might not be large enough to ensure accurate movement.
[2024-06-06 12:26:15,974][simulation.real_robot][INFO] - Evaluation done. Resetting robots
[2024-06-06 12:27:29,147][simulation.real_robot][INFO] - Evaluation done. Resetting robots
[2024-06-06 12:27:29,563][polymetis.robot_interface][WARNING] - The specified 'time_to_go' might not be large enough to ensure accurate movement.
[2024-06-06 12:29:10,222][simulation.real_robot][INFO] - Evaluation done. Resetting robots
[2024-06-06 12:29:10,668][polymetis.robot_interface][WARNING] - The specified 'time_to_go' might not be large enough to ensure accurate movement.
[2024-06-06 12:29:55,596][simulation.real_robot][INFO] - Evaluation done. Resetting robots
[2024-06-06 12:29:56,091][polymetis.robot_interface][WARNING] - The specified 'time_to_go' might not be large enough to ensure accurate movement.
[2024-06-06 12:30:11,425][simulation.real_robot][INFO] - Evaluation done. Resetting robots
[2024-06-06 12:30:11,963][polymetis.robot_interface][WARNING] - The specified 'time_to_go' might not be large enough to ensure accurate movement.
[2024-06-06 12:30:29,704][simulation.real_robot][INFO] - Evaluation done. Resetting robots
[2024-06-06 12:30:30,123][polymetis.robot_interface][WARNING] - The specified 'time_to_go' might not be large enough to ensure accurate movement.
[2024-06-06 12:30:48,021][simulation.real_robot][INFO] - Evaluation done. Resetting robots
[2024-06-06 12:30:48,459][polymetis.robot_interface][WARNING] - The specified 'time_to_go' might not be large enough to ensure accurate movement.
[2024-06-06 12:31:20,877][simulation.real_robot][INFO] - Evaluation done. Resetting robots
[2024-06-06 12:31:21,435][polymetis.robot_interface][WARNING] - The specified 'time_to_go' might not be large enough to ensure accurate movement.
[2024-06-06 12:31:48,004][simulation.real_robot][INFO] - Evaluation done. Resetting robots
[2024-06-06 12:31:48,410][polymetis.robot_interface][WARNING] - The specified 'time_to_go' might not be large enough to ensure accurate movement.
[2024-06-06 12:33:03,005][simulation.real_robot][INFO] - Evaluation done. Resetting robots
[2024-06-06 12:33:03,548][polymetis.robot_interface][WARNING] - The specified 'time_to_go' might not be large enough to ensure accurate movement.
[2024-06-06 12:34:27,374][simulation.real_robot][INFO] - Evaluation done. Resetting robots
[2024-06-06 12:34:27,916][polymetis.robot_interface][WARNING] - The specified 'time_to_go' might not be large enough to ensure accurate movement.
[2024-06-06 12:35:48,793][simulation.real_robot][INFO] - Evaluation done. Resetting robots
[2024-06-06 12:35:49,404][polymetis.robot_interface][WARNING] - The specified 'time_to_go' might not be large enough to ensure accurate movement.
[2024-06-06 12:36:32,314][simulation.real_robot][INFO] - Evaluation done. Resetting robots
[2024-06-06 12:36:32,716][polymetis.robot_interface][WARNING] - The specified 'time_to_go' might not be large enough to ensure accurate movement.
[2024-06-06 12:36:55,676][simulation.real_robot][INFO] - Quitting evaluation
[2024-06-06 12:37:02,327][__main__][INFO] - done
