[2024-06-05 15:47:52,421][agents.models.oc_ddpm.oc_ddpm][INFO] - number of parameters: 1.884168e+06
[2024-06-05 15:47:52,474][root][INFO] - Loading Real Robot Dataset
[2024-06-05 15:47:53,690][agents.utils.scaler][INFO] - Datset Info: action min: [-4.46586508 -2.32646595 -5.45890439 -3.09741634 -1.08773755 -1.87666885
 -1.84110276 -0.90522749] and max: [4.30162961 2.02786345 4.13409715 7.38962699 1.42014704 2.18918825
 1.40930849 1.10480589]
[2024-06-05 15:47:53,690][agents.utils.scaler][INFO] - Training dataset size: target (24967, 8)
[2024-06-05 15:47:53,691][agents.base_agent][INFO] - The model has a total amount of 24286664 parameters
[2024-06-05 15:47:53,759][agents.oc_ddpm_agent][INFO] - Loaded pre-trained model parameters
[2024-06-05 15:48:00,567][simulation.real_robot][INFO] - Starting trained model evaluation on real robot
[2024-06-05 15:48:54,939][simulation.real_robot][INFO] - Evaluation done. Resetting robots
[2024-06-05 15:48:55,463][polymetis.robot_interface][WARNING] - The specified 'time_to_go' might not be large enough to ensure accurate movement.
[2024-06-05 15:51:07,199][simulation.real_robot][INFO] - Evaluation done. Resetting robots
[2024-06-05 15:51:07,751][polymetis.robot_interface][WARNING] - The specified 'time_to_go' might not be large enough to ensure accurate movement.
[2024-06-05 15:52:19,435][simulation.real_robot][INFO] - Evaluation done. Resetting robots
[2024-06-05 15:52:19,818][polymetis.robot_interface][WARNING] - The specified 'time_to_go' might not be large enough to ensure accurate movement.
[2024-06-05 15:53:00,239][simulation.real_robot][INFO] - Evaluation done. Resetting robots
[2024-06-05 15:53:00,743][polymetis.robot_interface][WARNING] - The specified 'time_to_go' might not be large enough to ensure accurate movement.
[2024-06-05 15:54:20,311][simulation.real_robot][INFO] - Evaluation done. Resetting robots
[2024-06-05 15:54:20,839][polymetis.robot_interface][WARNING] - The specified 'time_to_go' might not be large enough to ensure accurate movement.
[2024-06-05 15:54:47,917][simulation.real_robot][INFO] - Quitting evaluation
[2024-06-05 15:54:54,549][__main__][INFO] - done
