[2024-06-06 13:10:46,564][agents.models.mamba.mamba_cross][INFO] - number of parameters: 2.433160e+06
[2024-06-06 13:10:46,595][root][INFO] - Loading Real Robot Dataset
[2024-06-06 13:10:47,881][agents.utils.scaler][INFO] - Datset Info: action min: [-4.46586508 -2.32646595 -5.45890439 -3.09741634 -1.08773755 -1.87666885
 -1.84110276 -0.90522749] and max: [4.30162961 2.02786345 4.13409715 7.38962699 1.42014704 2.18918825
 1.40930849 1.10480589]
[2024-06-06 13:10:47,882][agents.utils.scaler][INFO] - Training dataset size: target (24967, 8)
[2024-06-06 13:10:47,883][agents.base_agent][INFO] - The model has a total amount of 24835656 parameters
[2024-06-06 13:10:47,972][agents.oc_ddpm_agent][INFO] - Loaded pre-trained model parameters
[2024-06-06 13:10:54,750][simulation.real_robot][INFO] - Starting trained model evaluation on real robot
[2024-06-06 13:11:44,211][simulation.real_robot][INFO] - Evaluation done. Resetting robots
[2024-06-06 13:11:44,639][polymetis.robot_interface][WARNING] - The specified 'time_to_go' might not be large enough to ensure accurate movement.
[2024-06-06 13:13:13,586][simulation.real_robot][INFO] - Evaluation done. Resetting robots
[2024-06-06 13:13:14,079][polymetis.robot_interface][WARNING] - The specified 'time_to_go' might not be large enough to ensure accurate movement.
[2024-06-06 13:14:40,542][simulation.real_robot][INFO] - Evaluation done. Resetting robots
[2024-06-06 13:14:41,071][polymetis.robot_interface][WARNING] - The specified 'time_to_go' might not be large enough to ensure accurate movement.
[2024-06-06 13:15:48,531][simulation.real_robot][INFO] - Evaluation done. Resetting robots
[2024-06-06 13:15:49,055][polymetis.robot_interface][WARNING] - The specified 'time_to_go' might not be large enough to ensure accurate movement.
[2024-06-06 13:17:01,182][simulation.real_robot][INFO] - Evaluation done. Resetting robots
[2024-06-06 13:17:01,569][polymetis.robot_interface][WARNING] - The specified 'time_to_go' might not be large enough to ensure accurate movement.
[2024-06-06 13:19:15,863][simulation.real_robot][INFO] - Evaluation done. Resetting robots
[2024-06-06 13:19:16,350][polymetis.robot_interface][WARNING] - The specified 'time_to_go' might not be large enough to ensure accurate movement.
[2024-06-06 13:20:48,744][simulation.real_robot][INFO] - Evaluation done. Resetting robots
[2024-06-06 13:20:49,262][polymetis.robot_interface][WARNING] - The specified 'time_to_go' might not be large enough to ensure accurate movement.
[2024-06-06 13:21:06,338][simulation.real_robot][INFO] - Quitting evaluation
[2024-06-06 13:21:12,969][__main__][INFO] - done
